

============================== 2022-11-23 05:49:26.027830 | 037101dd-0f62-4a27-a73b-0db60365d26c ==============================
[0m05:49:26.027836 [info ] [MainThread]: Running with dbt=1.3.0
[0m05:49:26.028049 [debug] [MainThread]: running dbt with arguments {'write_json': True, 'use_colors': True, 'printer_width': 80, 'version_check': True, 'partial_parse': True, 'static_parser': True, 'profiles_dir': '/Users/jitesh.soni/.dbt', 'send_anonymous_usage_stats': True, 'event_buffer_size': 100000, 'quiet': False, 'no_print': False, 'config_dir': False, 'which': 'debug', 'indirect_selection': 'eager'}
[0m05:49:26.028117 [debug] [MainThread]: Tracking: tracking
[0m05:49:26.043987 [debug] [MainThread]: Sending event: {'category': 'dbt', 'action': 'invocation', 'label': 'start', 'context': [<snowplow_tracker.self_describing_json.SelfDescribingJson object at 0x10334dd30>, <snowplow_tracker.self_describing_json.SelfDescribingJson object at 0x10334d8b0>, <snowplow_tracker.self_describing_json.SelfDescribingJson object at 0x10331de20>]}
[0m05:49:26.056954 [debug] [MainThread]: Executing "git --help"
[0m05:49:26.079868 [debug] [MainThread]: STDOUT: "b"usage: git [-v | --version] [-h | --help] [-C <path>] [-c <name>=<value>]\n           [--exec-path[=<path>]] [--html-path] [--man-path] [--info-path]\n           [-p | --paginate | -P | --no-pager] [--no-replace-objects] [--bare]\n           [--git-dir=<path>] [--work-tree=<path>] [--namespace=<name>]\n           [--super-prefix=<path>] [--config-env=<name>=<envvar>]\n           <command> [<args>]\n\nThese are common Git commands used in various situations:\n\nstart a working area (see also: git help tutorial)\n   clone     Clone a repository into a new directory\n   init      Create an empty Git repository or reinitialize an existing one\n\nwork on the current change (see also: git help everyday)\n   add       Add file contents to the index\n   mv        Move or rename a file, a directory, or a symlink\n   restore   Restore working tree files\n   rm        Remove files from the working tree and from the index\n\nexamine the history and state (see also: git help revisions)\n   bisect    Use binary search to find the commit that introduced a bug\n   diff      Show changes between commits, commit and working tree, etc\n   grep      Print lines matching a pattern\n   log       Show commit logs\n   show      Show various types of objects\n   status    Show the working tree status\n\ngrow, mark and tweak your common history\n   branch    List, create, or delete branches\n   commit    Record changes to the repository\n   merge     Join two or more development histories together\n   rebase    Reapply commits on top of another base tip\n   reset     Reset current HEAD to the specified state\n   switch    Switch branches\n   tag       Create, list, delete or verify a tag object signed with GPG\n\ncollaborate (see also: git help workflows)\n   fetch     Download objects and refs from another repository\n   pull      Fetch from and integrate with another repository or a local branch\n   push      Update remote refs along with associated objects\n\n'git help -a' and 'git help -g' list available subcommands and some\nconcept guides. See 'git help <command>' or 'git help <concept>'\nto read about a specific subcommand or concept.\nSee 'git help git' for an overview of the system.\n""
[0m05:49:26.080295 [debug] [MainThread]: STDERR: "b''"
[0m05:49:26.080571 [debug] [MainThread]: Sending event: {'category': 'dbt', 'action': 'invocation', 'label': 'end', 'context': [<snowplow_tracker.self_describing_json.SelfDescribingJson object at 0x100451be0>, <snowplow_tracker.self_describing_json.SelfDescribingJson object at 0x1033cf1f0>, <snowplow_tracker.self_describing_json.SelfDescribingJson object at 0x1033cf100>]}
[0m05:49:26.080797 [debug] [MainThread]: Flushing usage events


============================== 2022-11-23 05:49:50.364187 | ee55acff-31d0-4c1b-bdc2-3ffd13c86acf ==============================
[0m05:49:50.364193 [info ] [MainThread]: Running with dbt=1.3.0
[0m05:49:50.364394 [debug] [MainThread]: running dbt with arguments {'write_json': True, 'use_colors': True, 'printer_width': 80, 'version_check': True, 'partial_parse': True, 'static_parser': True, 'profiles_dir': '/Users/jitesh.soni/Documents/Code/dbt_star/dbt_star', 'send_anonymous_usage_stats': True, 'event_buffer_size': 100000, 'quiet': False, 'no_print': False, 'config_dir': False, 'which': 'debug', 'indirect_selection': 'eager'}
[0m05:49:50.364464 [debug] [MainThread]: Tracking: tracking
[0m05:49:50.381095 [debug] [MainThread]: Sending event: {'category': 'dbt', 'action': 'invocation', 'label': 'start', 'context': [<snowplow_tracker.self_describing_json.SelfDescribingJson object at 0x105a88f10>, <snowplow_tracker.self_describing_json.SelfDescribingJson object at 0x105a659d0>, <snowplow_tracker.self_describing_json.SelfDescribingJson object at 0x105a55ac0>]}
[0m05:49:50.702238 [debug] [MainThread]: Executing "git --help"
[0m05:49:50.725795 [debug] [MainThread]: STDOUT: "b"usage: git [-v | --version] [-h | --help] [-C <path>] [-c <name>=<value>]\n           [--exec-path[=<path>]] [--html-path] [--man-path] [--info-path]\n           [-p | --paginate | -P | --no-pager] [--no-replace-objects] [--bare]\n           [--git-dir=<path>] [--work-tree=<path>] [--namespace=<name>]\n           [--super-prefix=<path>] [--config-env=<name>=<envvar>]\n           <command> [<args>]\n\nThese are common Git commands used in various situations:\n\nstart a working area (see also: git help tutorial)\n   clone     Clone a repository into a new directory\n   init      Create an empty Git repository or reinitialize an existing one\n\nwork on the current change (see also: git help everyday)\n   add       Add file contents to the index\n   mv        Move or rename a file, a directory, or a symlink\n   restore   Restore working tree files\n   rm        Remove files from the working tree and from the index\n\nexamine the history and state (see also: git help revisions)\n   bisect    Use binary search to find the commit that introduced a bug\n   diff      Show changes between commits, commit and working tree, etc\n   grep      Print lines matching a pattern\n   log       Show commit logs\n   show      Show various types of objects\n   status    Show the working tree status\n\ngrow, mark and tweak your common history\n   branch    List, create, or delete branches\n   commit    Record changes to the repository\n   merge     Join two or more development histories together\n   rebase    Reapply commits on top of another base tip\n   reset     Reset current HEAD to the specified state\n   switch    Switch branches\n   tag       Create, list, delete or verify a tag object signed with GPG\n\ncollaborate (see also: git help workflows)\n   fetch     Download objects and refs from another repository\n   pull      Fetch from and integrate with another repository or a local branch\n   push      Update remote refs along with associated objects\n\n'git help -a' and 'git help -g' list available subcommands and some\nconcept guides. See 'git help <command>' or 'git help <concept>'\nto read about a specific subcommand or concept.\nSee 'git help git' for an overview of the system.\n""
[0m05:49:50.726160 [debug] [MainThread]: STDERR: "b''"
[0m05:49:50.732740 [debug] [MainThread]: Acquiring new bigquery connection "debug"
[0m05:49:50.733405 [debug] [MainThread]: Opening a new connection, currently in state init
[0m05:49:56.745648 [debug] [MainThread]: BigQuery adapter: Got an error when attempting to create a bigquery client: 'Runtime Error
  
  dbt encountered an error while trying to read your profiles.yml file.
  
  Could not automatically determine credentials. Please set GOOGLE_APPLICATION_CREDENTIALS or explicitly create credentials and re-run the application. For more information, please see https://cloud.google.com/docs/authentication/getting-started
  '
[0m05:49:56.746317 [debug] [MainThread]: Sending event: {'category': 'dbt', 'action': 'invocation', 'label': 'end', 'context': [<snowplow_tracker.self_describing_json.SelfDescribingJson object at 0x1073308e0>, <snowplow_tracker.self_describing_json.SelfDescribingJson object at 0x1073305e0>, <snowplow_tracker.self_describing_json.SelfDescribingJson object at 0x10730c5b0>]}
[0m05:49:56.746646 [debug] [MainThread]: Flushing usage events
[0m05:49:56.954912 [debug] [MainThread]: Connection 'debug' was properly closed.


============================== 2022-11-23 05:50:38.221687 | 899845c7-4d6a-4441-9140-0f86b51ce44a ==============================
[0m05:50:38.221693 [info ] [MainThread]: Running with dbt=1.3.0
[0m05:50:38.221891 [debug] [MainThread]: running dbt with arguments {'write_json': True, 'use_colors': True, 'printer_width': 80, 'version_check': True, 'partial_parse': True, 'static_parser': True, 'profiles_dir': '/Users/jitesh.soni/Documents/Code/dbt_star/dbt_star', 'send_anonymous_usage_stats': True, 'event_buffer_size': 100000, 'quiet': False, 'no_print': False, 'config_dir': False, 'which': 'debug', 'indirect_selection': 'eager'}
[0m05:50:38.221964 [debug] [MainThread]: Tracking: tracking
[0m05:50:38.238145 [debug] [MainThread]: Sending event: {'category': 'dbt', 'action': 'invocation', 'label': 'start', 'context': [<snowplow_tracker.self_describing_json.SelfDescribingJson object at 0x105210f10>, <snowplow_tracker.self_describing_json.SelfDescribingJson object at 0x1051ede20>, <snowplow_tracker.self_describing_json.SelfDescribingJson object at 0x105210b50>]}
[0m05:50:38.558498 [debug] [MainThread]: Executing "git --help"
[0m05:50:38.580935 [debug] [MainThread]: STDOUT: "b"usage: git [-v | --version] [-h | --help] [-C <path>] [-c <name>=<value>]\n           [--exec-path[=<path>]] [--html-path] [--man-path] [--info-path]\n           [-p | --paginate | -P | --no-pager] [--no-replace-objects] [--bare]\n           [--git-dir=<path>] [--work-tree=<path>] [--namespace=<name>]\n           [--super-prefix=<path>] [--config-env=<name>=<envvar>]\n           <command> [<args>]\n\nThese are common Git commands used in various situations:\n\nstart a working area (see also: git help tutorial)\n   clone     Clone a repository into a new directory\n   init      Create an empty Git repository or reinitialize an existing one\n\nwork on the current change (see also: git help everyday)\n   add       Add file contents to the index\n   mv        Move or rename a file, a directory, or a symlink\n   restore   Restore working tree files\n   rm        Remove files from the working tree and from the index\n\nexamine the history and state (see also: git help revisions)\n   bisect    Use binary search to find the commit that introduced a bug\n   diff      Show changes between commits, commit and working tree, etc\n   grep      Print lines matching a pattern\n   log       Show commit logs\n   show      Show various types of objects\n   status    Show the working tree status\n\ngrow, mark and tweak your common history\n   branch    List, create, or delete branches\n   commit    Record changes to the repository\n   merge     Join two or more development histories together\n   rebase    Reapply commits on top of another base tip\n   reset     Reset current HEAD to the specified state\n   switch    Switch branches\n   tag       Create, list, delete or verify a tag object signed with GPG\n\ncollaborate (see also: git help workflows)\n   fetch     Download objects and refs from another repository\n   pull      Fetch from and integrate with another repository or a local branch\n   push      Update remote refs along with associated objects\n\n'git help -a' and 'git help -g' list available subcommands and some\nconcept guides. See 'git help <command>' or 'git help <concept>'\nto read about a specific subcommand or concept.\nSee 'git help git' for an overview of the system.\n""
[0m05:50:38.581290 [debug] [MainThread]: STDERR: "b''"
[0m05:50:38.585270 [debug] [MainThread]: Acquiring new bigquery connection "debug"
[0m05:50:38.586211 [debug] [MainThread]: Opening a new connection, currently in state init
[0m05:50:44.594559 [debug] [MainThread]: BigQuery adapter: Got an error when attempting to create a bigquery client: 'Runtime Error
  
  dbt encountered an error while trying to read your profiles.yml file.
  
  Could not automatically determine credentials. Please set GOOGLE_APPLICATION_CREDENTIALS or explicitly create credentials and re-run the application. For more information, please see https://cloud.google.com/docs/authentication/getting-started
  '
[0m05:50:44.595066 [debug] [MainThread]: Sending event: {'category': 'dbt', 'action': 'invocation', 'label': 'end', 'context': [<snowplow_tracker.self_describing_json.SelfDescribingJson object at 0x106ab0bb0>, <snowplow_tracker.self_describing_json.SelfDescribingJson object at 0x106ab0850>, <snowplow_tracker.self_describing_json.SelfDescribingJson object at 0x106a7b2b0>]}
[0m05:50:44.595355 [debug] [MainThread]: Flushing usage events
[0m05:50:44.829909 [debug] [MainThread]: Connection 'debug' was properly closed.


============================== 2022-11-23 06:02:52.399286 | 4dec0fb7-2343-4fb8-bc3d-ac2d2f5df461 ==============================
[0m06:02:52.399293 [info ] [MainThread]: Running with dbt=1.3.0
[0m06:02:52.399655 [debug] [MainThread]: running dbt with arguments {'write_json': True, 'use_colors': True, 'printer_width': 80, 'version_check': True, 'partial_parse': True, 'static_parser': True, 'profiles_dir': '/Users/jitesh.soni/Documents/Code/dbt_star/dbt_star', 'send_anonymous_usage_stats': True, 'event_buffer_size': 100000, 'quiet': False, 'no_print': False, 'config_dir': False, 'which': 'debug', 'indirect_selection': 'eager'}
[0m06:02:52.399724 [debug] [MainThread]: Tracking: tracking
[0m06:02:52.417432 [debug] [MainThread]: Sending event: {'category': 'dbt', 'action': 'invocation', 'label': 'start', 'context': [<snowplow_tracker.self_describing_json.SelfDescribingJson object at 0x10712cf10>, <snowplow_tracker.self_describing_json.SelfDescribingJson object at 0x107109e20>, <snowplow_tracker.self_describing_json.SelfDescribingJson object at 0x10712cb50>]}
[0m06:02:52.786663 [debug] [MainThread]: Executing "git --help"
[0m06:02:52.810205 [debug] [MainThread]: STDOUT: "b"usage: git [-v | --version] [-h | --help] [-C <path>] [-c <name>=<value>]\n           [--exec-path[=<path>]] [--html-path] [--man-path] [--info-path]\n           [-p | --paginate | -P | --no-pager] [--no-replace-objects] [--bare]\n           [--git-dir=<path>] [--work-tree=<path>] [--namespace=<name>]\n           [--super-prefix=<path>] [--config-env=<name>=<envvar>]\n           <command> [<args>]\n\nThese are common Git commands used in various situations:\n\nstart a working area (see also: git help tutorial)\n   clone     Clone a repository into a new directory\n   init      Create an empty Git repository or reinitialize an existing one\n\nwork on the current change (see also: git help everyday)\n   add       Add file contents to the index\n   mv        Move or rename a file, a directory, or a symlink\n   restore   Restore working tree files\n   rm        Remove files from the working tree and from the index\n\nexamine the history and state (see also: git help revisions)\n   bisect    Use binary search to find the commit that introduced a bug\n   diff      Show changes between commits, commit and working tree, etc\n   grep      Print lines matching a pattern\n   log       Show commit logs\n   show      Show various types of objects\n   status    Show the working tree status\n\ngrow, mark and tweak your common history\n   branch    List, create, or delete branches\n   commit    Record changes to the repository\n   merge     Join two or more development histories together\n   rebase    Reapply commits on top of another base tip\n   reset     Reset current HEAD to the specified state\n   switch    Switch branches\n   tag       Create, list, delete or verify a tag object signed with GPG\n\ncollaborate (see also: git help workflows)\n   fetch     Download objects and refs from another repository\n   pull      Fetch from and integrate with another repository or a local branch\n   push      Update remote refs along with associated objects\n\n'git help -a' and 'git help -g' list available subcommands and some\nconcept guides. See 'git help <command>' or 'git help <concept>'\nto read about a specific subcommand or concept.\nSee 'git help git' for an overview of the system.\n""
[0m06:02:52.810587 [debug] [MainThread]: STDERR: "b''"
[0m06:02:52.814360 [debug] [MainThread]: Acquiring new bigquery connection "debug"
[0m06:02:52.815099 [debug] [MainThread]: Opening a new connection, currently in state init
[0m06:02:53.238987 [debug] [MainThread]: On debug: select 1 as id
[0m06:02:54.499134 [debug] [MainThread]: BigQuery adapter: https://console.cloud.google.com/bigquery?project=ae-recruitment-sandbox&j=bq:dc627b7e-9799-4a8e-be03-f03301362aa1:northamerica-northeast1&page=queryresults
[0m06:02:54.500756 [debug] [MainThread]: Sending event: {'category': 'dbt', 'action': 'invocation', 'label': 'end', 'context': [<snowplow_tracker.self_describing_json.SelfDescribingJson object at 0x10867c580>, <snowplow_tracker.self_describing_json.SelfDescribingJson object at 0x10867c2b0>, <snowplow_tracker.self_describing_json.SelfDescribingJson object at 0x10867c490>]}
[0m06:02:54.501548 [debug] [MainThread]: Flushing usage events
[0m06:02:54.741092 [debug] [MainThread]: Connection 'debug' was properly closed.
